<!DOCTYPE html>
<html xmlns="http://www.w3.org/1999/xhtml" xml:lang="en" lang="en">
<head>
    <meta http-equiv="Content-Type" content="text/html; charset=UTF-8"/>

    
    
    <link rel="SHORTCUT ICON" href="../img/clover.ico" />

    <link rel="stylesheet" href="../aui/css/aui.min.css" media="all"/>
    <link rel="stylesheet" href="../aui/css/aui-experimental.min.css" media="all"/>
    <!--[if IE 9]><link rel="stylesheet" href="../aui/css/aui-ie9.min.css" media="all"/><![endif]-->

    <style type="text/css" media="all">
        @import url('../style.css');
        @import url('../tree.css');
        
    </style>

    <script src="../jquery-1.8.3.min.js" type="text/javascript"></script>
    <script src="../aui/js/aui.min.js" type="text/javascript"></script>
    <script src="../aui/js/aui-experimental.min.js" type="text/javascript"></script>
    <script src="../aui/js/aui-soy.min.js" type="text/javascript"></script>

    <script src="../package-nodes-tree.js" type="text/javascript"></script>
    <script src="../clover-tree.js" type="text/javascript"></script>
    <script src="../clover.js" type="text/javascript"></script>
    <script src="../clover-descriptions.js" type="text/javascript"></script>
    <script src="../cloud.js" type="text/javascript"></script>

            <title>projecto Coverage Report</title>
    </head>

<body>
    <div id="page">
        
        


<header id="header" role="banner">
    <nav class="aui-header aui-dropdown2-trigger-group" role="navigation">
        <div class="aui-header-inner">
            <div class="aui-header-primary">
                <h1 id="logo" class="aui-header-logo aui-header-logo-clover">
                    <a href="http://openclover.org" title="Visit OpenClover home page"><span class="aui-header-logo-device">OpenClover</span></a>
                </h1>
                            </div>
            <div class="aui-header-secondary">
                <ul class="aui-nav">
                    <li id="system-help-menu">
                        <a class="aui-nav-link" title="Open online documentation" target="_blank"
                           href="http://openclover.org/documentation">
                            <span class="aui-icon aui-icon-small aui-iconfont-help">&#160;Help</span>
                        </a>
                    </li>
                </ul>
            </div>
        </div>
    </nav>
</header>
        
        <div class="aui-page-panel">
            <div class="aui-page-panel-inner">
                <div class="aui-page-panel-nav aui-page-panel-nav-clover">
                    

<div class="aui-page-header-inner" style="margin-bottom: 20px;">
    <div class="aui-page-header-image">
                <div class="aui-avatar aui-avatar-large aui-avatar-project">
            <div class="aui-avatar-inner">
                                    <img src="../img/clover_logo_large.png" alt="Clover icon"/>
                            </div>
        </div>
            </div>
    <div class="aui-page-header-main" >
        <h1>
                                        projecto Coverage Report
                                </h1>
    </div>
</div>

<nav class="aui-navgroup aui-navgroup-vertical">
    <div class="aui-navgroup-inner">
                                            <ul class="aui-nav">
                <li class="">
                    <a href="../dashboard.html">Project overview</a>
                </li>
            </ul>
        
                <div class="aui-nav-heading packages-nav-heading">
            <strong>Packages</strong>
        </div>
        <div class="aui-nav project-packages">
            <form method="get" action="#" class="aui package-filter-container">
                <input type="text" autocomplete="off" class="package-filter text"
                       placeholder="Type to filter packages..." name="package-filter" id="package-filter"
                       title="Start typing package name (or part of the name) to search through the tree. Use arrow keys and the Enter key to navigate."/>
            </form>
            <p class="package-filter-no-results-message hidden">
                <small>No results found.</small>
            </p>
                                                <div class="packages-tree-wrapper" data-root-relative="../" data-package-name="default-pkg">
                <div class="packages-tree-container"></div>
                <div class="clover-packages-lozenges"></div>
            </div>
        </div>
        
            </div>
</nav>                </div>
                <section class="aui-page-panel-content">
                    <div class="aui-page-panel-content-clover">

                    
                    <div class="aui-page-header-main"><ol class="aui-nav aui-nav-breadcrumbs">
    
    <li><a href="../dashboard.html"> Project Clover database Sat Dec 22 2018 17:01:11 WET</a></li>
     <li><a href="test-pkg-summary.html">Package default-pkg</a></li>
</ol></div>
    
<h1 class="aui-h2-clover">
            
        Class CompanyTest
    </h1>


 
<div class="aui-tabs horizontal-tabs" id="tabs-file">
    <ul class="tabs-menu">
        <li class="menu-item">
            <a href="CompanyTest.html"><strong>Source file</strong></a>
        </li>
        <li class="menu-item active-tab">
            <a href="#tabs-file-test-results"><strong>Test results</strong></a>
        </li>
    </ul>
    <div class="tabs-pane aui-tabs-pane-100-pcnt active-pane" id="tabs-file-test-results">
        <div>&#160;</div>




<table id="testClassSummaryTable" class="aui">
<thead>
    <tr>
        <th width="40%"><label>Class</label></th>
        <th width="10%"><label title="Total number of tests (or test iterations) executed.">Tests</label></th>
        <th width="10%"><label title="Number of failed tests">Fail</label></th>
        <th width="10%"><label title="Number of test errors">Error</label></th>
        <th width="10%">
            <label title="The total time in seconds taken to run this set of tests.">Time (secs)</label>
        </th>
        <th width="20%"><label>% Tests Success</label></th>
    </tr>
</thead>
<tbody>
    <tr>
        <td>CompanyTest</td>
        <td class="testPasses"><span class="sortValue">24</span>24</td>
<td class="testFailures"><span class="sortValue">12</span>12</td>
<td class=""><span class="sortValue">0</span>0</td>
        <td>0.622</td>
        <td class="align-middle">
            

<div style="display: table; width: 100%">
            <div class="barGraphValue"><span class="sortValue">0.5</span>50%</div>         <div style="display: table-cell">
            
            <div title="0% Errors" style="min-width: 40px;" class="testBarError">
                <div title="50% of tests passed&lt;br/&gt;50% of tests failed" class="testBarFail" style="width: 100%"><div class="testBarPass" style="width: 50%"></div></div>
            </div>
        </div>
    </div>        </td>
    </tr>
</tbody>
</table>

<div>&#160;</div>

<table id="testClassTestsTable" class="aui aui-table-sortable">
<thead>
    <tr>
        <th width="40%">
            <label title="Tests (or test iterations) which were executed.">Tests</label>
        </th>
        <th width="10%"><label>Started</label></th>
        <th width="10%"><label>Status</label></th>
        <th width="10%">
            <label title="The total time in seconds taken to run this set of tests.">Time (secs)</label>
        </th>
        <th width="30%"><label>Message</label></th>
    </tr>
</thead>
<tbody>


<tr>
    <td><span class="sortValue">CompanyTest.addVehicle</span><a href="CompanyTest_addVehicle_7r.html">CompanyTest.addVehicle</a></td>
    <td style="whitespace:nowrap;"><span class="sortValue">1545497799574</span>22 Dec 16:56:39</td>
    <td>      <span class="sortValue">3</span><span class="aui-lozenge aui-lozenge-error">FAIL</span>
  </td>
    <td><span class="sortValue">0.019</span>0.019</td>
    <td style="width:50%">
    <span class="sortValue">expected:&lt;true&gt;&#160;but&#160;was:&lt;false&gt;</span>
        <span class="expand" id="togglebut1" onclick="toggleNodeExpansion('togglebut1', 'msgc1', 'msge1');return false;">&#160;</span>
        <div class="errorMessage" id="msgc1">expected:&lt;true&gt;&#160;but&#160;was:&lt;false&gt;</div>
        <div class="errorMessage" id="msge1" style="display:none;"> <div>java.lang.AssertionError: expected:&lt;true&gt; but was:&lt;false&gt;</div><div> at org.junit.Assert.fail(Assert.java:88)</div><div> at org.junit.Assert.failNotEquals(Assert.java:834)</div><div> at org.junit.Assert.assertEquals(Assert.java:118)</div><div> at org.junit.Assert.assertEquals(Assert.java:144)</div><div>	at <a href="../default-pkg/CompanyTest.html?line=35#src-35">CompanyTest.addVehicle(CompanyTest.java:35)</a></div><div> at org.junit.runners.model.FrameworkMethod$1.runReflectiveCall(FrameworkMethod.java:50)</div><div> at org.junit.internal.runners.model.ReflectiveCallable.run(ReflectiveCallable.java:12)</div><div> at org.junit.runners.model.FrameworkMethod.invokeExplosively(FrameworkMethod.java:47)</div><div> at org.junit.internal.runners.statements.InvokeMethod.evaluate(InvokeMethod.java:17)</div><div> at org.junit.runners.ParentRunner.runLeaf(ParentRunner.java:325)</div><div> at org.junit.runners.BlockJUnit4ClassRunner.runChild(BlockJUnit4ClassRunner.java:78)</div><div> at org.junit.runners.BlockJUnit4ClassRunner.runChild(BlockJUnit4ClassRunner.java:57)</div><div> at org.junit.runners.ParentRunner$3.run(ParentRunner.java:290)</div><div> at org.junit.runners.ParentRunner$1.schedule(ParentRunner.java:71)</div><div> at org.junit.runners.ParentRunner.runChildren(ParentRunner.java:288)</div><div> at org.junit.runners.ParentRunner.access$000(ParentRunner.java:58)</div><div> at org.junit.runners.ParentRunner$2.evaluate(ParentRunner.java:268)</div><div> at org.junit.runners.ParentRunner.run(ParentRunner.java:363)</div><div> at org.junit.runners.Suite.runChild(Suite.java:128)</div><div> at org.junit.runners.Suite.runChild(Suite.java:27)</div><div> at org.junit.runners.ParentRunner$3.run(ParentRunner.java:290)</div><div> at org.junit.runners.ParentRunner$1.schedule(ParentRunner.java:71)</div><div> at org.junit.runners.ParentRunner.runChildren(ParentRunner.java:288)</div><div> at org.junit.runners.ParentRunner.access$000(ParentRunner.java:58)</div><div> at org.junit.runners.ParentRunner$2.evaluate(ParentRunner.java:268)</div><div> at org.junit.runners.ParentRunner.run(ParentRunner.java:363)</div><div> at org.junit.runner.JUnitCore.run(JUnitCore.java:137)</div><div> at com.intellij.junit4.JUnit4IdeaTestRunner.startRunnerWithArgs(JUnit4IdeaTestRunner.java:68)</div><div> at com.intellij.rt.execution.junit.IdeaTestRunner$Repeater.startRunnerWithArgs(IdeaTestRunner.java:47)</div><div> at com.intellij.rt.execution.junit.JUnitStarter.prepareStreamsAndStart(JUnitStarter.java:242)</div><div> at com.intellij.rt.execution.junit.JUnitStarter.main(JUnitStarter.java:70)</div></div>
        </td>
</tr>
<tr>
    <td><span class="sortValue">CompanyTest.addDriver</span><a href="CompanyTest_addDriver_6p.html">CompanyTest.addDriver</a></td>
    <td style="whitespace:nowrap;"><span class="sortValue">1545496132910</span>22 Dec 16:28:52</td>
    <td>      <span class="sortValue">3</span><span class="aui-lozenge aui-lozenge-error">FAIL</span>
  </td>
    <td><span class="sortValue">0.001</span>0.001</td>
    <td style="width:50%">
    <span class="sortValue">expected:&lt;true&gt;&#160;but&#160;was:&lt;false&gt;</span>
        <span class="expand" id="togglebut2" onclick="toggleNodeExpansion('togglebut2', 'msgc2', 'msge2');return false;">&#160;</span>
        <div class="errorMessage" id="msgc2">expected:&lt;true&gt;&#160;but&#160;was:&lt;false&gt;</div>
        <div class="errorMessage" id="msge2" style="display:none;"> <div>java.lang.AssertionError: expected:&lt;true&gt; but was:&lt;false&gt;</div><div> at org.junit.Assert.fail(Assert.java:88)</div><div> at org.junit.Assert.failNotEquals(Assert.java:834)</div><div> at org.junit.Assert.assertEquals(Assert.java:118)</div><div> at org.junit.Assert.assertEquals(Assert.java:144)</div><div>	at <a href="../default-pkg/CompanyTest.html?line=19#src-19">CompanyTest.addDriver(CompanyTest.java:19)</a></div><div> at org.junit.runners.model.FrameworkMethod$1.runReflectiveCall(FrameworkMethod.java:50)</div><div> at org.junit.internal.runners.model.ReflectiveCallable.run(ReflectiveCallable.java:12)</div><div> at org.junit.runners.model.FrameworkMethod.invokeExplosively(FrameworkMethod.java:47)</div><div> at org.junit.internal.runners.statements.InvokeMethod.evaluate(InvokeMethod.java:17)</div><div> at org.junit.runners.ParentRunner.runLeaf(ParentRunner.java:325)</div><div> at org.junit.runners.BlockJUnit4ClassRunner.runChild(BlockJUnit4ClassRunner.java:78)</div><div> at org.junit.runners.BlockJUnit4ClassRunner.runChild(BlockJUnit4ClassRunner.java:57)</div><div> at org.junit.runners.ParentRunner$3.run(ParentRunner.java:290)</div><div> at org.junit.runners.ParentRunner$1.schedule(ParentRunner.java:71)</div><div> at org.junit.runners.ParentRunner.runChildren(ParentRunner.java:288)</div><div> at org.junit.runners.ParentRunner.access$000(ParentRunner.java:58)</div><div> at org.junit.runners.ParentRunner$2.evaluate(ParentRunner.java:268)</div><div> at org.junit.runners.ParentRunner.run(ParentRunner.java:363)</div><div> at org.junit.runners.Suite.runChild(Suite.java:128)</div><div> at org.junit.runners.Suite.runChild(Suite.java:27)</div><div> at org.junit.runners.ParentRunner$3.run(ParentRunner.java:290)</div><div> at org.junit.runners.ParentRunner$1.schedule(ParentRunner.java:71)</div><div> at org.junit.runners.ParentRunner.runChildren(ParentRunner.java:288)</div><div> at org.junit.runners.ParentRunner.access$000(ParentRunner.java:58)</div><div> at org.junit.runners.ParentRunner$2.evaluate(ParentRunner.java:268)</div><div> at org.junit.runners.ParentRunner.run(ParentRunner.java:363)</div><div> at org.junit.runner.JUnitCore.run(JUnitCore.java:137)</div><div> at com.intellij.junit4.JUnit4IdeaTestRunner.startRunnerWithArgs(JUnit4IdeaTestRunner.java:68)</div><div> at com.intellij.rt.execution.junit.IdeaTestRunner$Repeater.startRunnerWithArgs(IdeaTestRunner.java:47)</div><div> at com.intellij.rt.execution.junit.JUnitStarter.prepareStreamsAndStart(JUnitStarter.java:242)</div><div> at com.intellij.rt.execution.junit.JUnitStarter.main(JUnitStarter.java:70)</div></div>
        </td>
</tr>
<tr>
    <td><span class="sortValue">CompanyTest.addTrip</span><a href="CompanyTest_addTrip_hy.html">CompanyTest.addTrip</a></td>
    <td style="whitespace:nowrap;"><span class="sortValue">1545497799718</span>22 Dec 16:56:39</td>
    <td>      <span class="sortValue">3</span><span class="aui-lozenge aui-lozenge-error">FAIL</span>
  </td>
    <td><span class="sortValue">0.003</span>0.003</td>
    <td style="width:50%">
    <span class="sortValue">expected:&lt;true&gt;&#160;but&#160;was:&lt;false&gt;</span>
        <span class="expand" id="togglebut3" onclick="toggleNodeExpansion('togglebut3', 'msgc3', 'msge3');return false;">&#160;</span>
        <div class="errorMessage" id="msgc3">expected:&lt;true&gt;&#160;but&#160;was:&lt;false&gt;</div>
        <div class="errorMessage" id="msge3" style="display:none;"> <div>java.lang.AssertionError: expected:&lt;true&gt; but was:&lt;false&gt;</div><div> at org.junit.Assert.fail(Assert.java:88)</div><div> at org.junit.Assert.failNotEquals(Assert.java:834)</div><div> at org.junit.Assert.assertEquals(Assert.java:118)</div><div> at org.junit.Assert.assertEquals(Assert.java:144)</div><div>	at <a href="../default-pkg/CompanyTest.html?line=104#src-104">CompanyTest.addTrip(CompanyTest.java:104)</a></div><div> at org.junit.runners.model.FrameworkMethod$1.runReflectiveCall(FrameworkMethod.java:50)</div><div> at org.junit.internal.runners.model.ReflectiveCallable.run(ReflectiveCallable.java:12)</div><div> at org.junit.runners.model.FrameworkMethod.invokeExplosively(FrameworkMethod.java:47)</div><div> at org.junit.internal.runners.statements.InvokeMethod.evaluate(InvokeMethod.java:17)</div><div> at org.junit.runners.ParentRunner.runLeaf(ParentRunner.java:325)</div><div> at org.junit.runners.BlockJUnit4ClassRunner.runChild(BlockJUnit4ClassRunner.java:78)</div><div> at org.junit.runners.BlockJUnit4ClassRunner.runChild(BlockJUnit4ClassRunner.java:57)</div><div> at org.junit.runners.ParentRunner$3.run(ParentRunner.java:290)</div><div> at org.junit.runners.ParentRunner$1.schedule(ParentRunner.java:71)</div><div> at org.junit.runners.ParentRunner.runChildren(ParentRunner.java:288)</div><div> at org.junit.runners.ParentRunner.access$000(ParentRunner.java:58)</div><div> at org.junit.runners.ParentRunner$2.evaluate(ParentRunner.java:268)</div><div> at org.junit.runners.ParentRunner.run(ParentRunner.java:363)</div><div> at org.junit.runners.Suite.runChild(Suite.java:128)</div><div> at org.junit.runners.Suite.runChild(Suite.java:27)</div><div> at org.junit.runners.ParentRunner$3.run(ParentRunner.java:290)</div><div> at org.junit.runners.ParentRunner$1.schedule(ParentRunner.java:71)</div><div> at org.junit.runners.ParentRunner.runChildren(ParentRunner.java:288)</div><div> at org.junit.runners.ParentRunner.access$000(ParentRunner.java:58)</div><div> at org.junit.runners.ParentRunner$2.evaluate(ParentRunner.java:268)</div><div> at org.junit.runners.ParentRunner.run(ParentRunner.java:363)</div><div> at org.junit.runner.JUnitCore.run(JUnitCore.java:137)</div><div> at com.intellij.junit4.JUnit4IdeaTestRunner.startRunnerWithArgs(JUnit4IdeaTestRunner.java:68)</div><div> at com.intellij.rt.execution.junit.IdeaTestRunner$Repeater.startRunnerWithArgs(IdeaTestRunner.java:47)</div><div> at com.intellij.rt.execution.junit.JUnitStarter.prepareStreamsAndStart(JUnitStarter.java:242)</div><div> at com.intellij.rt.execution.junit.JUnitStarter.main(JUnitStarter.java:70)</div></div>
        </td>
</tr>
<tr>
    <td><span class="sortValue">CompanyTest.addVehicle</span><a href="CompanyTest_addVehicle_b1.html">CompanyTest.addVehicle</a></td>
    <td style="whitespace:nowrap;"><span class="sortValue">1545497906955</span>22 Dec 16:58:26</td>
    <td>      <span class="sortValue">3</span><span class="aui-lozenge aui-lozenge-error">FAIL</span>
  </td>
    <td><span class="sortValue">0.019</span>0.019</td>
    <td style="width:50%">
    <span class="sortValue">expected:&lt;true&gt;&#160;but&#160;was:&lt;false&gt;</span>
        <span class="expand" id="togglebut4" onclick="toggleNodeExpansion('togglebut4', 'msgc4', 'msge4');return false;">&#160;</span>
        <div class="errorMessage" id="msgc4">expected:&lt;true&gt;&#160;but&#160;was:&lt;false&gt;</div>
        <div class="errorMessage" id="msge4" style="display:none;"> <div>java.lang.AssertionError: expected:&lt;true&gt; but was:&lt;false&gt;</div><div> at org.junit.Assert.fail(Assert.java:88)</div><div> at org.junit.Assert.failNotEquals(Assert.java:834)</div><div> at org.junit.Assert.assertEquals(Assert.java:118)</div><div> at org.junit.Assert.assertEquals(Assert.java:144)</div><div>	at <a href="../default-pkg/CompanyTest.html?line=35#src-35">CompanyTest.addVehicle(CompanyTest.java:35)</a></div><div> at org.junit.runners.model.FrameworkMethod$1.runReflectiveCall(FrameworkMethod.java:50)</div><div> at org.junit.internal.runners.model.ReflectiveCallable.run(ReflectiveCallable.java:12)</div><div> at org.junit.runners.model.FrameworkMethod.invokeExplosively(FrameworkMethod.java:47)</div><div> at org.junit.internal.runners.statements.InvokeMethod.evaluate(InvokeMethod.java:17)</div><div> at org.junit.runners.ParentRunner.runLeaf(ParentRunner.java:325)</div><div> at org.junit.runners.BlockJUnit4ClassRunner.runChild(BlockJUnit4ClassRunner.java:78)</div><div> at org.junit.runners.BlockJUnit4ClassRunner.runChild(BlockJUnit4ClassRunner.java:57)</div><div> at org.junit.runners.ParentRunner$3.run(ParentRunner.java:290)</div><div> at org.junit.runners.ParentRunner$1.schedule(ParentRunner.java:71)</div><div> at org.junit.runners.ParentRunner.runChildren(ParentRunner.java:288)</div><div> at org.junit.runners.ParentRunner.access$000(ParentRunner.java:58)</div><div> at org.junit.runners.ParentRunner$2.evaluate(ParentRunner.java:268)</div><div> at org.junit.runners.ParentRunner.run(ParentRunner.java:363)</div><div> at org.junit.runners.Suite.runChild(Suite.java:128)</div><div> at org.junit.runners.Suite.runChild(Suite.java:27)</div><div> at org.junit.runners.ParentRunner$3.run(ParentRunner.java:290)</div><div> at org.junit.runners.ParentRunner$1.schedule(ParentRunner.java:71)</div><div> at org.junit.runners.ParentRunner.runChildren(ParentRunner.java:288)</div><div> at org.junit.runners.ParentRunner.access$000(ParentRunner.java:58)</div><div> at org.junit.runners.ParentRunner$2.evaluate(ParentRunner.java:268)</div><div> at org.junit.runners.ParentRunner.run(ParentRunner.java:363)</div><div> at org.junit.runner.JUnitCore.run(JUnitCore.java:137)</div><div> at com.intellij.junit4.JUnit4IdeaTestRunner.startRunnerWithArgs(JUnit4IdeaTestRunner.java:68)</div><div> at com.intellij.rt.execution.junit.IdeaTestRunner$Repeater.startRunnerWithArgs(IdeaTestRunner.java:47)</div><div> at com.intellij.rt.execution.junit.JUnitStarter.prepareStreamsAndStart(JUnitStarter.java:242)</div><div> at com.intellij.rt.execution.junit.JUnitStarter.main(JUnitStarter.java:70)</div></div>
        </td>
</tr>
<tr>
    <td><span class="sortValue">CompanyTest.addDriver</span><a href="CompanyTest_addDriver_ig.html">CompanyTest.addDriver</a></td>
    <td style="whitespace:nowrap;"><span class="sortValue">1545497799724</span>22 Dec 16:56:39</td>
    <td>      <span class="sortValue">3</span><span class="aui-lozenge aui-lozenge-error">FAIL</span>
  </td>
    <td><span class="sortValue">0.001</span>0.001</td>
    <td style="width:50%">
    <span class="sortValue">expected:&lt;true&gt;&#160;but&#160;was:&lt;false&gt;</span>
        <span class="expand" id="togglebut5" onclick="toggleNodeExpansion('togglebut5', 'msgc5', 'msge5');return false;">&#160;</span>
        <div class="errorMessage" id="msgc5">expected:&lt;true&gt;&#160;but&#160;was:&lt;false&gt;</div>
        <div class="errorMessage" id="msge5" style="display:none;"> <div>java.lang.AssertionError: expected:&lt;true&gt; but was:&lt;false&gt;</div><div> at org.junit.Assert.fail(Assert.java:88)</div><div> at org.junit.Assert.failNotEquals(Assert.java:834)</div><div> at org.junit.Assert.assertEquals(Assert.java:118)</div><div> at org.junit.Assert.assertEquals(Assert.java:144)</div><div>	at <a href="../default-pkg/CompanyTest.html?line=19#src-19">CompanyTest.addDriver(CompanyTest.java:19)</a></div><div> at org.junit.runners.model.FrameworkMethod$1.runReflectiveCall(FrameworkMethod.java:50)</div><div> at org.junit.internal.runners.model.ReflectiveCallable.run(ReflectiveCallable.java:12)</div><div> at org.junit.runners.model.FrameworkMethod.invokeExplosively(FrameworkMethod.java:47)</div><div> at org.junit.internal.runners.statements.InvokeMethod.evaluate(InvokeMethod.java:17)</div><div> at org.junit.runners.ParentRunner.runLeaf(ParentRunner.java:325)</div><div> at org.junit.runners.BlockJUnit4ClassRunner.runChild(BlockJUnit4ClassRunner.java:78)</div><div> at org.junit.runners.BlockJUnit4ClassRunner.runChild(BlockJUnit4ClassRunner.java:57)</div><div> at org.junit.runners.ParentRunner$3.run(ParentRunner.java:290)</div><div> at org.junit.runners.ParentRunner$1.schedule(ParentRunner.java:71)</div><div> at org.junit.runners.ParentRunner.runChildren(ParentRunner.java:288)</div><div> at org.junit.runners.ParentRunner.access$000(ParentRunner.java:58)</div><div> at org.junit.runners.ParentRunner$2.evaluate(ParentRunner.java:268)</div><div> at org.junit.runners.ParentRunner.run(ParentRunner.java:363)</div><div> at org.junit.runners.Suite.runChild(Suite.java:128)</div><div> at org.junit.runners.Suite.runChild(Suite.java:27)</div><div> at org.junit.runners.ParentRunner$3.run(ParentRunner.java:290)</div><div> at org.junit.runners.ParentRunner$1.schedule(ParentRunner.java:71)</div><div> at org.junit.runners.ParentRunner.runChildren(ParentRunner.java:288)</div><div> at org.junit.runners.ParentRunner.access$000(ParentRunner.java:58)</div><div> at org.junit.runners.ParentRunner$2.evaluate(ParentRunner.java:268)</div><div> at org.junit.runners.ParentRunner.run(ParentRunner.java:363)</div><div> at org.junit.runner.JUnitCore.run(JUnitCore.java:137)</div><div> at com.intellij.junit4.JUnit4IdeaTestRunner.startRunnerWithArgs(JUnit4IdeaTestRunner.java:68)</div><div> at com.intellij.rt.execution.junit.IdeaTestRunner$Repeater.startRunnerWithArgs(IdeaTestRunner.java:47)</div><div> at com.intellij.rt.execution.junit.JUnitStarter.prepareStreamsAndStart(JUnitStarter.java:242)</div><div> at com.intellij.rt.execution.junit.JUnitStarter.main(JUnitStarter.java:70)</div></div>
        </td>
</tr>
<tr>
    <td><span class="sortValue">CompanyTest.addTrip</span><a href="CompanyTest_addTrip_38.html">CompanyTest.addTrip</a></td>
    <td style="whitespace:nowrap;"><span class="sortValue">1545496132907</span>22 Dec 16:28:52</td>
    <td>      <span class="sortValue">3</span><span class="aui-lozenge aui-lozenge-error">FAIL</span>
  </td>
    <td><span class="sortValue">0.001</span>0.001</td>
    <td style="width:50%">
    <span class="sortValue">expected:&lt;true&gt;&#160;but&#160;was:&lt;false&gt;</span>
        <span class="expand" id="togglebut6" onclick="toggleNodeExpansion('togglebut6', 'msgc6', 'msge6');return false;">&#160;</span>
        <div class="errorMessage" id="msgc6">expected:&lt;true&gt;&#160;but&#160;was:&lt;false&gt;</div>
        <div class="errorMessage" id="msge6" style="display:none;"> <div>java.lang.AssertionError: expected:&lt;true&gt; but was:&lt;false&gt;</div><div> at org.junit.Assert.fail(Assert.java:88)</div><div> at org.junit.Assert.failNotEquals(Assert.java:834)</div><div> at org.junit.Assert.assertEquals(Assert.java:118)</div><div> at org.junit.Assert.assertEquals(Assert.java:144)</div><div>	at <a href="../default-pkg/CompanyTest.html?line=104#src-104">CompanyTest.addTrip(CompanyTest.java:104)</a></div><div> at org.junit.runners.model.FrameworkMethod$1.runReflectiveCall(FrameworkMethod.java:50)</div><div> at org.junit.internal.runners.model.ReflectiveCallable.run(ReflectiveCallable.java:12)</div><div> at org.junit.runners.model.FrameworkMethod.invokeExplosively(FrameworkMethod.java:47)</div><div> at org.junit.internal.runners.statements.InvokeMethod.evaluate(InvokeMethod.java:17)</div><div> at org.junit.runners.ParentRunner.runLeaf(ParentRunner.java:325)</div><div> at org.junit.runners.BlockJUnit4ClassRunner.runChild(BlockJUnit4ClassRunner.java:78)</div><div> at org.junit.runners.BlockJUnit4ClassRunner.runChild(BlockJUnit4ClassRunner.java:57)</div><div> at org.junit.runners.ParentRunner$3.run(ParentRunner.java:290)</div><div> at org.junit.runners.ParentRunner$1.schedule(ParentRunner.java:71)</div><div> at org.junit.runners.ParentRunner.runChildren(ParentRunner.java:288)</div><div> at org.junit.runners.ParentRunner.access$000(ParentRunner.java:58)</div><div> at org.junit.runners.ParentRunner$2.evaluate(ParentRunner.java:268)</div><div> at org.junit.runners.ParentRunner.run(ParentRunner.java:363)</div><div> at org.junit.runners.Suite.runChild(Suite.java:128)</div><div> at org.junit.runners.Suite.runChild(Suite.java:27)</div><div> at org.junit.runners.ParentRunner$3.run(ParentRunner.java:290)</div><div> at org.junit.runners.ParentRunner$1.schedule(ParentRunner.java:71)</div><div> at org.junit.runners.ParentRunner.runChildren(ParentRunner.java:288)</div><div> at org.junit.runners.ParentRunner.access$000(ParentRunner.java:58)</div><div> at org.junit.runners.ParentRunner$2.evaluate(ParentRunner.java:268)</div><div> at org.junit.runners.ParentRunner.run(ParentRunner.java:363)</div><div> at org.junit.runner.JUnitCore.run(JUnitCore.java:137)</div><div> at com.intellij.junit4.JUnit4IdeaTestRunner.startRunnerWithArgs(JUnit4IdeaTestRunner.java:68)</div><div> at com.intellij.rt.execution.junit.IdeaTestRunner$Repeater.startRunnerWithArgs(IdeaTestRunner.java:47)</div><div> at com.intellij.rt.execution.junit.JUnitStarter.prepareStreamsAndStart(JUnitStarter.java:242)</div><div> at com.intellij.rt.execution.junit.JUnitStarter.main(JUnitStarter.java:70)</div></div>
        </td>
</tr>
<tr>
    <td><span class="sortValue">CompanyTest.addVehicle</span><a href="CompanyTest_addVehicle_jk.html">CompanyTest.addVehicle</a></td>
    <td style="whitespace:nowrap;"><span class="sortValue">1545498049269</span>22 Dec 17:00:49</td>
    <td>      <span class="sortValue">3</span><span class="aui-lozenge aui-lozenge-error">FAIL</span>
  </td>
    <td><span class="sortValue">0.018</span>0.018</td>
    <td style="width:50%">
    <span class="sortValue">expected:&lt;true&gt;&#160;but&#160;was:&lt;false&gt;</span>
        <span class="expand" id="togglebut7" onclick="toggleNodeExpansion('togglebut7', 'msgc7', 'msge7');return false;">&#160;</span>
        <div class="errorMessage" id="msgc7">expected:&lt;true&gt;&#160;but&#160;was:&lt;false&gt;</div>
        <div class="errorMessage" id="msge7" style="display:none;"> <div>java.lang.AssertionError: expected:&lt;true&gt; but was:&lt;false&gt;</div><div> at org.junit.Assert.fail(Assert.java:88)</div><div> at org.junit.Assert.failNotEquals(Assert.java:834)</div><div> at org.junit.Assert.assertEquals(Assert.java:118)</div><div> at org.junit.Assert.assertEquals(Assert.java:144)</div><div>	at <a href="../default-pkg/CompanyTest.html?line=35#src-35">CompanyTest.addVehicle(CompanyTest.java:35)</a></div><div> at org.junit.runners.model.FrameworkMethod$1.runReflectiveCall(FrameworkMethod.java:50)</div><div> at org.junit.internal.runners.model.ReflectiveCallable.run(ReflectiveCallable.java:12)</div><div> at org.junit.runners.model.FrameworkMethod.invokeExplosively(FrameworkMethod.java:47)</div><div> at org.junit.internal.runners.statements.InvokeMethod.evaluate(InvokeMethod.java:17)</div><div> at org.junit.runners.ParentRunner.runLeaf(ParentRunner.java:325)</div><div> at org.junit.runners.BlockJUnit4ClassRunner.runChild(BlockJUnit4ClassRunner.java:78)</div><div> at org.junit.runners.BlockJUnit4ClassRunner.runChild(BlockJUnit4ClassRunner.java:57)</div><div> at org.junit.runners.ParentRunner$3.run(ParentRunner.java:290)</div><div> at org.junit.runners.ParentRunner$1.schedule(ParentRunner.java:71)</div><div> at org.junit.runners.ParentRunner.runChildren(ParentRunner.java:288)</div><div> at org.junit.runners.ParentRunner.access$000(ParentRunner.java:58)</div><div> at org.junit.runners.ParentRunner$2.evaluate(ParentRunner.java:268)</div><div> at org.junit.runners.ParentRunner.run(ParentRunner.java:363)</div><div> at org.junit.runner.JUnitCore.run(JUnitCore.java:137)</div><div> at com.intellij.junit4.JUnit4IdeaTestRunner.startRunnerWithArgs(JUnit4IdeaTestRunner.java:68)</div><div> at com.intellij.rt.execution.junit.IdeaTestRunner$Repeater.startRunnerWithArgs(IdeaTestRunner.java:47)</div><div> at com.intellij.rt.execution.junit.JUnitStarter.prepareStreamsAndStart(JUnitStarter.java:242)</div><div> at com.intellij.rt.execution.junit.JUnitStarter.main(JUnitStarter.java:70)</div></div>
        </td>
</tr>
<tr>
    <td><span class="sortValue">CompanyTest.addDriver</span><a href="CompanyTest_addDriver_9t.html">CompanyTest.addDriver</a></td>
    <td style="whitespace:nowrap;"><span class="sortValue">1545498049472</span>22 Dec 17:00:49</td>
    <td>      <span class="sortValue">3</span><span class="aui-lozenge aui-lozenge-error">FAIL</span>
  </td>
    <td><span class="sortValue">0.004</span>0.004</td>
    <td style="width:50%">
    <span class="sortValue">expected:&lt;true&gt;&#160;but&#160;was:&lt;false&gt;</span>
        <span class="expand" id="togglebut8" onclick="toggleNodeExpansion('togglebut8', 'msgc8', 'msge8');return false;">&#160;</span>
        <div class="errorMessage" id="msgc8">expected:&lt;true&gt;&#160;but&#160;was:&lt;false&gt;</div>
        <div class="errorMessage" id="msge8" style="display:none;"> <div>java.lang.AssertionError: expected:&lt;true&gt; but was:&lt;false&gt;</div><div> at org.junit.Assert.fail(Assert.java:88)</div><div> at org.junit.Assert.failNotEquals(Assert.java:834)</div><div> at org.junit.Assert.assertEquals(Assert.java:118)</div><div> at org.junit.Assert.assertEquals(Assert.java:144)</div><div>	at <a href="../default-pkg/CompanyTest.html?line=19#src-19">CompanyTest.addDriver(CompanyTest.java:19)</a></div><div> at org.junit.runners.model.FrameworkMethod$1.runReflectiveCall(FrameworkMethod.java:50)</div><div> at org.junit.internal.runners.model.ReflectiveCallable.run(ReflectiveCallable.java:12)</div><div> at org.junit.runners.model.FrameworkMethod.invokeExplosively(FrameworkMethod.java:47)</div><div> at org.junit.internal.runners.statements.InvokeMethod.evaluate(InvokeMethod.java:17)</div><div> at org.junit.runners.ParentRunner.runLeaf(ParentRunner.java:325)</div><div> at org.junit.runners.BlockJUnit4ClassRunner.runChild(BlockJUnit4ClassRunner.java:78)</div><div> at org.junit.runners.BlockJUnit4ClassRunner.runChild(BlockJUnit4ClassRunner.java:57)</div><div> at org.junit.runners.ParentRunner$3.run(ParentRunner.java:290)</div><div> at org.junit.runners.ParentRunner$1.schedule(ParentRunner.java:71)</div><div> at org.junit.runners.ParentRunner.runChildren(ParentRunner.java:288)</div><div> at org.junit.runners.ParentRunner.access$000(ParentRunner.java:58)</div><div> at org.junit.runners.ParentRunner$2.evaluate(ParentRunner.java:268)</div><div> at org.junit.runners.ParentRunner.run(ParentRunner.java:363)</div><div> at org.junit.runner.JUnitCore.run(JUnitCore.java:137)</div><div> at com.intellij.junit4.JUnit4IdeaTestRunner.startRunnerWithArgs(JUnit4IdeaTestRunner.java:68)</div><div> at com.intellij.rt.execution.junit.IdeaTestRunner$Repeater.startRunnerWithArgs(IdeaTestRunner.java:47)</div><div> at com.intellij.rt.execution.junit.JUnitStarter.prepareStreamsAndStart(JUnitStarter.java:242)</div><div> at com.intellij.rt.execution.junit.JUnitStarter.main(JUnitStarter.java:70)</div></div>
        </td>
</tr>
<tr>
    <td><span class="sortValue">CompanyTest.addVehicle</span><a href="CompanyTest_addVehicle_ik.html">CompanyTest.addVehicle</a></td>
    <td style="whitespace:nowrap;"><span class="sortValue">1545496132764</span>22 Dec 16:28:52</td>
    <td>      <span class="sortValue">3</span><span class="aui-lozenge aui-lozenge-error">FAIL</span>
  </td>
    <td><span class="sortValue">0.037</span>0.037</td>
    <td style="width:50%">
    <span class="sortValue">expected:&lt;true&gt;&#160;but&#160;was:&lt;false&gt;</span>
        <span class="expand" id="togglebut9" onclick="toggleNodeExpansion('togglebut9', 'msgc9', 'msge9');return false;">&#160;</span>
        <div class="errorMessage" id="msgc9">expected:&lt;true&gt;&#160;but&#160;was:&lt;false&gt;</div>
        <div class="errorMessage" id="msge9" style="display:none;"> <div>java.lang.AssertionError: expected:&lt;true&gt; but was:&lt;false&gt;</div><div> at org.junit.Assert.fail(Assert.java:88)</div><div> at org.junit.Assert.failNotEquals(Assert.java:834)</div><div> at org.junit.Assert.assertEquals(Assert.java:118)</div><div> at org.junit.Assert.assertEquals(Assert.java:144)</div><div>	at <a href="../default-pkg/CompanyTest.html?line=35#src-35">CompanyTest.addVehicle(CompanyTest.java:35)</a></div><div> at org.junit.runners.model.FrameworkMethod$1.runReflectiveCall(FrameworkMethod.java:50)</div><div> at org.junit.internal.runners.model.ReflectiveCallable.run(ReflectiveCallable.java:12)</div><div> at org.junit.runners.model.FrameworkMethod.invokeExplosively(FrameworkMethod.java:47)</div><div> at org.junit.internal.runners.statements.InvokeMethod.evaluate(InvokeMethod.java:17)</div><div> at org.junit.runners.ParentRunner.runLeaf(ParentRunner.java:325)</div><div> at org.junit.runners.BlockJUnit4ClassRunner.runChild(BlockJUnit4ClassRunner.java:78)</div><div> at org.junit.runners.BlockJUnit4ClassRunner.runChild(BlockJUnit4ClassRunner.java:57)</div><div> at org.junit.runners.ParentRunner$3.run(ParentRunner.java:290)</div><div> at org.junit.runners.ParentRunner$1.schedule(ParentRunner.java:71)</div><div> at org.junit.runners.ParentRunner.runChildren(ParentRunner.java:288)</div><div> at org.junit.runners.ParentRunner.access$000(ParentRunner.java:58)</div><div> at org.junit.runners.ParentRunner$2.evaluate(ParentRunner.java:268)</div><div> at org.junit.runners.ParentRunner.run(ParentRunner.java:363)</div><div> at org.junit.runners.Suite.runChild(Suite.java:128)</div><div> at org.junit.runners.Suite.runChild(Suite.java:27)</div><div> at org.junit.runners.ParentRunner$3.run(ParentRunner.java:290)</div><div> at org.junit.runners.ParentRunner$1.schedule(ParentRunner.java:71)</div><div> at org.junit.runners.ParentRunner.runChildren(ParentRunner.java:288)</div><div> at org.junit.runners.ParentRunner.access$000(ParentRunner.java:58)</div><div> at org.junit.runners.ParentRunner$2.evaluate(ParentRunner.java:268)</div><div> at org.junit.runners.ParentRunner.run(ParentRunner.java:363)</div><div> at org.junit.runner.JUnitCore.run(JUnitCore.java:137)</div><div> at com.intellij.junit4.JUnit4IdeaTestRunner.startRunnerWithArgs(JUnit4IdeaTestRunner.java:68)</div><div> at com.intellij.rt.execution.junit.IdeaTestRunner$Repeater.startRunnerWithArgs(IdeaTestRunner.java:47)</div><div> at com.intellij.rt.execution.junit.JUnitStarter.prepareStreamsAndStart(JUnitStarter.java:242)</div><div> at com.intellij.rt.execution.junit.JUnitStarter.main(JUnitStarter.java:70)</div></div>
        </td>
</tr>
<tr>
    <td><span class="sortValue">CompanyTest.addTrip</span><a href="CompanyTest_addTrip_fl.html">CompanyTest.addTrip</a></td>
    <td style="whitespace:nowrap;"><span class="sortValue">1545498049463</span>22 Dec 17:00:49</td>
    <td>      <span class="sortValue">3</span><span class="aui-lozenge aui-lozenge-error">FAIL</span>
  </td>
    <td><span class="sortValue">0.002</span>0.002</td>
    <td style="width:50%">
    <span class="sortValue">expected:&lt;true&gt;&#160;but&#160;was:&lt;false&gt;</span>
        <span class="expand" id="togglebut10" onclick="toggleNodeExpansion('togglebut10', 'msgc10', 'msge10');return false;">&#160;</span>
        <div class="errorMessage" id="msgc10">expected:&lt;true&gt;&#160;but&#160;was:&lt;false&gt;</div>
        <div class="errorMessage" id="msge10" style="display:none;"> <div>java.lang.AssertionError: expected:&lt;true&gt; but was:&lt;false&gt;</div><div> at org.junit.Assert.fail(Assert.java:88)</div><div> at org.junit.Assert.failNotEquals(Assert.java:834)</div><div> at org.junit.Assert.assertEquals(Assert.java:118)</div><div> at org.junit.Assert.assertEquals(Assert.java:144)</div><div>	at <a href="../default-pkg/CompanyTest.html?line=104#src-104">CompanyTest.addTrip(CompanyTest.java:104)</a></div><div> at org.junit.runners.model.FrameworkMethod$1.runReflectiveCall(FrameworkMethod.java:50)</div><div> at org.junit.internal.runners.model.ReflectiveCallable.run(ReflectiveCallable.java:12)</div><div> at org.junit.runners.model.FrameworkMethod.invokeExplosively(FrameworkMethod.java:47)</div><div> at org.junit.internal.runners.statements.InvokeMethod.evaluate(InvokeMethod.java:17)</div><div> at org.junit.runners.ParentRunner.runLeaf(ParentRunner.java:325)</div><div> at org.junit.runners.BlockJUnit4ClassRunner.runChild(BlockJUnit4ClassRunner.java:78)</div><div> at org.junit.runners.BlockJUnit4ClassRunner.runChild(BlockJUnit4ClassRunner.java:57)</div><div> at org.junit.runners.ParentRunner$3.run(ParentRunner.java:290)</div><div> at org.junit.runners.ParentRunner$1.schedule(ParentRunner.java:71)</div><div> at org.junit.runners.ParentRunner.runChildren(ParentRunner.java:288)</div><div> at org.junit.runners.ParentRunner.access$000(ParentRunner.java:58)</div><div> at org.junit.runners.ParentRunner$2.evaluate(ParentRunner.java:268)</div><div> at org.junit.runners.ParentRunner.run(ParentRunner.java:363)</div><div> at org.junit.runner.JUnitCore.run(JUnitCore.java:137)</div><div> at com.intellij.junit4.JUnit4IdeaTestRunner.startRunnerWithArgs(JUnit4IdeaTestRunner.java:68)</div><div> at com.intellij.rt.execution.junit.IdeaTestRunner$Repeater.startRunnerWithArgs(IdeaTestRunner.java:47)</div><div> at com.intellij.rt.execution.junit.JUnitStarter.prepareStreamsAndStart(JUnitStarter.java:242)</div><div> at com.intellij.rt.execution.junit.JUnitStarter.main(JUnitStarter.java:70)</div></div>
        </td>
</tr>
<tr>
    <td><span class="sortValue">CompanyTest.addDriver</span><a href="CompanyTest_addDriver_hr.html">CompanyTest.addDriver</a></td>
    <td style="whitespace:nowrap;"><span class="sortValue">1545497907163</span>22 Dec 16:58:27</td>
    <td>      <span class="sortValue">3</span><span class="aui-lozenge aui-lozenge-error">FAIL</span>
  </td>
    <td><span class="sortValue">0.001</span>0.001</td>
    <td style="width:50%">
    <span class="sortValue">expected:&lt;true&gt;&#160;but&#160;was:&lt;false&gt;</span>
        <span class="expand" id="togglebut11" onclick="toggleNodeExpansion('togglebut11', 'msgc11', 'msge11');return false;">&#160;</span>
        <div class="errorMessage" id="msgc11">expected:&lt;true&gt;&#160;but&#160;was:&lt;false&gt;</div>
        <div class="errorMessage" id="msge11" style="display:none;"> <div>java.lang.AssertionError: expected:&lt;true&gt; but was:&lt;false&gt;</div><div> at org.junit.Assert.fail(Assert.java:88)</div><div> at org.junit.Assert.failNotEquals(Assert.java:834)</div><div> at org.junit.Assert.assertEquals(Assert.java:118)</div><div> at org.junit.Assert.assertEquals(Assert.java:144)</div><div>	at <a href="../default-pkg/CompanyTest.html?line=19#src-19">CompanyTest.addDriver(CompanyTest.java:19)</a></div><div> at org.junit.runners.model.FrameworkMethod$1.runReflectiveCall(FrameworkMethod.java:50)</div><div> at org.junit.internal.runners.model.ReflectiveCallable.run(ReflectiveCallable.java:12)</div><div> at org.junit.runners.model.FrameworkMethod.invokeExplosively(FrameworkMethod.java:47)</div><div> at org.junit.internal.runners.statements.InvokeMethod.evaluate(InvokeMethod.java:17)</div><div> at org.junit.runners.ParentRunner.runLeaf(ParentRunner.java:325)</div><div> at org.junit.runners.BlockJUnit4ClassRunner.runChild(BlockJUnit4ClassRunner.java:78)</div><div> at org.junit.runners.BlockJUnit4ClassRunner.runChild(BlockJUnit4ClassRunner.java:57)</div><div> at org.junit.runners.ParentRunner$3.run(ParentRunner.java:290)</div><div> at org.junit.runners.ParentRunner$1.schedule(ParentRunner.java:71)</div><div> at org.junit.runners.ParentRunner.runChildren(ParentRunner.java:288)</div><div> at org.junit.runners.ParentRunner.access$000(ParentRunner.java:58)</div><div> at org.junit.runners.ParentRunner$2.evaluate(ParentRunner.java:268)</div><div> at org.junit.runners.ParentRunner.run(ParentRunner.java:363)</div><div> at org.junit.runners.Suite.runChild(Suite.java:128)</div><div> at org.junit.runners.Suite.runChild(Suite.java:27)</div><div> at org.junit.runners.ParentRunner$3.run(ParentRunner.java:290)</div><div> at org.junit.runners.ParentRunner$1.schedule(ParentRunner.java:71)</div><div> at org.junit.runners.ParentRunner.runChildren(ParentRunner.java:288)</div><div> at org.junit.runners.ParentRunner.access$000(ParentRunner.java:58)</div><div> at org.junit.runners.ParentRunner$2.evaluate(ParentRunner.java:268)</div><div> at org.junit.runners.ParentRunner.run(ParentRunner.java:363)</div><div> at org.junit.runner.JUnitCore.run(JUnitCore.java:137)</div><div> at com.intellij.junit4.JUnit4IdeaTestRunner.startRunnerWithArgs(JUnit4IdeaTestRunner.java:68)</div><div> at com.intellij.rt.execution.junit.IdeaTestRunner$Repeater.startRunnerWithArgs(IdeaTestRunner.java:47)</div><div> at com.intellij.rt.execution.junit.JUnitStarter.prepareStreamsAndStart(JUnitStarter.java:242)</div><div> at com.intellij.rt.execution.junit.JUnitStarter.main(JUnitStarter.java:70)</div></div>
        </td>
</tr>
<tr>
    <td><span class="sortValue">CompanyTest.addTrip</span><a href="CompanyTest_addTrip_7f.html">CompanyTest.addTrip</a></td>
    <td style="whitespace:nowrap;"><span class="sortValue">1545497907155</span>22 Dec 16:58:27</td>
    <td>      <span class="sortValue">3</span><span class="aui-lozenge aui-lozenge-error">FAIL</span>
  </td>
    <td><span class="sortValue">0.002</span>0.002</td>
    <td style="width:50%">
    <span class="sortValue">expected:&lt;true&gt;&#160;but&#160;was:&lt;false&gt;</span>
        <span class="expand" id="togglebut12" onclick="toggleNodeExpansion('togglebut12', 'msgc12', 'msge12');return false;">&#160;</span>
        <div class="errorMessage" id="msgc12">expected:&lt;true&gt;&#160;but&#160;was:&lt;false&gt;</div>
        <div class="errorMessage" id="msge12" style="display:none;"> <div>java.lang.AssertionError: expected:&lt;true&gt; but was:&lt;false&gt;</div><div> at org.junit.Assert.fail(Assert.java:88)</div><div> at org.junit.Assert.failNotEquals(Assert.java:834)</div><div> at org.junit.Assert.assertEquals(Assert.java:118)</div><div> at org.junit.Assert.assertEquals(Assert.java:144)</div><div>	at <a href="../default-pkg/CompanyTest.html?line=104#src-104">CompanyTest.addTrip(CompanyTest.java:104)</a></div><div> at org.junit.runners.model.FrameworkMethod$1.runReflectiveCall(FrameworkMethod.java:50)</div><div> at org.junit.internal.runners.model.ReflectiveCallable.run(ReflectiveCallable.java:12)</div><div> at org.junit.runners.model.FrameworkMethod.invokeExplosively(FrameworkMethod.java:47)</div><div> at org.junit.internal.runners.statements.InvokeMethod.evaluate(InvokeMethod.java:17)</div><div> at org.junit.runners.ParentRunner.runLeaf(ParentRunner.java:325)</div><div> at org.junit.runners.BlockJUnit4ClassRunner.runChild(BlockJUnit4ClassRunner.java:78)</div><div> at org.junit.runners.BlockJUnit4ClassRunner.runChild(BlockJUnit4ClassRunner.java:57)</div><div> at org.junit.runners.ParentRunner$3.run(ParentRunner.java:290)</div><div> at org.junit.runners.ParentRunner$1.schedule(ParentRunner.java:71)</div><div> at org.junit.runners.ParentRunner.runChildren(ParentRunner.java:288)</div><div> at org.junit.runners.ParentRunner.access$000(ParentRunner.java:58)</div><div> at org.junit.runners.ParentRunner$2.evaluate(ParentRunner.java:268)</div><div> at org.junit.runners.ParentRunner.run(ParentRunner.java:363)</div><div> at org.junit.runners.Suite.runChild(Suite.java:128)</div><div> at org.junit.runners.Suite.runChild(Suite.java:27)</div><div> at org.junit.runners.ParentRunner$3.run(ParentRunner.java:290)</div><div> at org.junit.runners.ParentRunner$1.schedule(ParentRunner.java:71)</div><div> at org.junit.runners.ParentRunner.runChildren(ParentRunner.java:288)</div><div> at org.junit.runners.ParentRunner.access$000(ParentRunner.java:58)</div><div> at org.junit.runners.ParentRunner$2.evaluate(ParentRunner.java:268)</div><div> at org.junit.runners.ParentRunner.run(ParentRunner.java:363)</div><div> at org.junit.runner.JUnitCore.run(JUnitCore.java:137)</div><div> at com.intellij.junit4.JUnit4IdeaTestRunner.startRunnerWithArgs(JUnit4IdeaTestRunner.java:68)</div><div> at com.intellij.rt.execution.junit.IdeaTestRunner$Repeater.startRunnerWithArgs(IdeaTestRunner.java:47)</div><div> at com.intellij.rt.execution.junit.JUnitStarter.prepareStreamsAndStart(JUnitStarter.java:242)</div><div> at com.intellij.rt.execution.junit.JUnitStarter.main(JUnitStarter.java:70)</div></div>
        </td>
</tr>
<tr>
    <td><span class="sortValue">CompanyTest.availiableTaxis</span><a href="CompanyTest_availiableTaxis_eh.html">CompanyTest.availiableTaxis</a></td>
    <td style="whitespace:nowrap;"><span class="sortValue">1545497907146</span>22 Dec 16:58:27</td>
    <td>      <span class="sortValue">1</span><span class="aui-lozenge aui-lozenge-success">PASS</span>
  </td>
    <td><span class="sortValue">0.008</span>0.008</td>
    <td style="width:50%">
     &#160;     </td>
</tr>
<tr>
    <td><span class="sortValue">CompanyTest.availiableTaxis</span><a href="CompanyTest_availiableTaxis_3y.html">CompanyTest.availiableTaxis</a></td>
    <td style="whitespace:nowrap;"><span class="sortValue">1545497799706</span>22 Dec 16:56:39</td>
    <td>      <span class="sortValue">1</span><span class="aui-lozenge aui-lozenge-success">PASS</span>
  </td>
    <td><span class="sortValue">0.011</span>0.011</td>
    <td style="width:50%">
     &#160;     </td>
</tr>
<tr>
    <td><span class="sortValue">CompanyTest.pickDriver</span><a href="CompanyTest_pickDriver_3f.html">CompanyTest.pickDriver</a></td>
    <td style="whitespace:nowrap;"><span class="sortValue">1545496132913</span>22 Dec 16:28:52</td>
    <td>      <span class="sortValue">1</span><span class="aui-lozenge aui-lozenge-success">PASS</span>
  </td>
    <td><span class="sortValue">0.001</span>0.001</td>
    <td style="width:50%">
     &#160;     </td>
</tr>
<tr>
    <td><span class="sortValue">CompanyTest.pickDriver</span><a href="CompanyTest_pickDriver_48.html">CompanyTest.pickDriver</a></td>
    <td style="whitespace:nowrap;"><span class="sortValue">1545497799728</span>22 Dec 16:56:39</td>
    <td>      <span class="sortValue">1</span><span class="aui-lozenge aui-lozenge-success">PASS</span>
  </td>
    <td><span class="sortValue">0.002</span>0.002</td>
    <td style="width:50%">
     &#160;     </td>
</tr>
<tr>
    <td><span class="sortValue">CompanyTest.pickVehicle</span><a href="CompanyTest_pickVehicle_45.html">CompanyTest.pickVehicle</a></td>
    <td style="whitespace:nowrap;"><span class="sortValue">1545497907010</span>22 Dec 16:58:27</td>
    <td>      <span class="sortValue">1</span><span class="aui-lozenge aui-lozenge-success">PASS</span>
  </td>
    <td><span class="sortValue">0.136</span>0.136</td>
    <td style="width:50%">
     &#160;     </td>
</tr>
<tr>
    <td><span class="sortValue">CompanyTest.availiableTaxis</span><a href="CompanyTest_availiableTaxis_8r.html">CompanyTest.availiableTaxis</a></td>
    <td style="whitespace:nowrap;"><span class="sortValue">1545498049448</span>22 Dec 17:00:49</td>
    <td>      <span class="sortValue">1</span><span class="aui-lozenge aui-lozenge-success">PASS</span>
  </td>
    <td><span class="sortValue">0.014</span>0.014</td>
    <td style="width:50%">
     &#160;     </td>
</tr>
<tr>
    <td><span class="sortValue">CompanyTest.availiableTaxis</span><a href="CompanyTest_availiableTaxis_fx.html">CompanyTest.availiableTaxis</a></td>
    <td style="whitespace:nowrap;"><span class="sortValue">1545496132898</span>22 Dec 16:28:52</td>
    <td>      <span class="sortValue">1</span><span class="aui-lozenge aui-lozenge-success">PASS</span>
  </td>
    <td><span class="sortValue">0.008</span>0.008</td>
    <td style="width:50%">
     &#160;     </td>
</tr>
<tr>
    <td><span class="sortValue">CompanyTest.pickVehicle</span><a href="CompanyTest_pickVehicle_c8.html">CompanyTest.pickVehicle</a></td>
    <td style="whitespace:nowrap;"><span class="sortValue">1545497799608</span>22 Dec 16:56:39</td>
    <td>      <span class="sortValue">1</span><span class="aui-lozenge aui-lozenge-success">PASS</span>
  </td>
    <td><span class="sortValue">0.097</span>0.097</td>
    <td style="width:50%">
     &#160;     </td>
</tr>
<tr>
    <td><span class="sortValue">CompanyTest.pickDriver</span><a href="CompanyTest_pickDriver_bs.html">CompanyTest.pickDriver</a></td>
    <td style="whitespace:nowrap;"><span class="sortValue">1545498049481</span>22 Dec 17:00:49</td>
    <td>      <span class="sortValue">1</span><span class="aui-lozenge aui-lozenge-success">PASS</span>
  </td>
    <td><span class="sortValue">0.003</span>0.003</td>
    <td style="width:50%">
     &#160;     </td>
</tr>
<tr>
    <td><span class="sortValue">CompanyTest.pickDriver</span><a href="CompanyTest_pickDriver_ir.html">CompanyTest.pickDriver</a></td>
    <td style="whitespace:nowrap;"><span class="sortValue">1545497907172</span>22 Dec 16:58:27</td>
    <td>      <span class="sortValue">1</span><span class="aui-lozenge aui-lozenge-success">PASS</span>
  </td>
    <td><span class="sortValue">0.002</span>0.002</td>
    <td style="width:50%">
     &#160;     </td>
</tr>
<tr>
    <td><span class="sortValue">CompanyTest.pickVehicle</span><a href="CompanyTest_pickVehicle_56.html">CompanyTest.pickVehicle</a></td>
    <td style="whitespace:nowrap;"><span class="sortValue">1545498049302</span>22 Dec 17:00:49</td>
    <td>      <span class="sortValue">1</span><span class="aui-lozenge aui-lozenge-success">PASS</span>
  </td>
    <td><span class="sortValue">0.145</span>0.145</td>
    <td style="width:50%">
     &#160;     </td>
</tr>
<tr>
    <td><span class="sortValue">CompanyTest.pickVehicle</span><a href="CompanyTest_pickVehicle_7y.html">CompanyTest.pickVehicle</a></td>
    <td style="whitespace:nowrap;"><span class="sortValue">1545496132810</span>22 Dec 16:28:52</td>
    <td>      <span class="sortValue">1</span><span class="aui-lozenge aui-lozenge-success">PASS</span>
  </td>
    <td><span class="sortValue">0.087</span>0.087</td>
    <td style="width:50%">
     &#160;     </td>
</tr>

    </tbody>
</table>

    </div> <!-- tabs-pane -->
</div> <!-- aui-tabs horizontal-tabs -->

                        </div> <!-- class="aui-page-panel-content-clover" -->
                    <footer id="footer" role="contentinfo">
    <section class="footer-body">
        <ul>
            <li>
                Report generated by <a target="_new" href="http://openclover.org">OpenClover</a> v 4.3.1
                on Sat Dec 22 2018 17:04:38 WET using coverage data from Sat Dec 22 2018 17:01:21 WET.
            </li>
        </ul>
        <ul>
            <li>Clover free edition. </li>
        </ul>
    </section>
</footer>                </section> <!-- class="aui-page-panel-content" -->
            </div> <!-- class="aui-page-panel-inner" -->
        </div> <!-- class="aui-page-panel" -->
    </div> <!-- id="page" -->
</body>
</html>